MPI-STRIPS-WEAK: cores=1, threads=1, width=1000, height=1000, time=0.562835
MPI-STRIPS-WEAK: cores=2, threads=1, width=1414, height=1414, time=0.559203
MPI-STRIPS-WEAK: cores=3, threads=1, width=1732, height=1732, time=0.337233
MPI-STRIPS-WEAK: cores=4, threads=1, width=2000, height=2000, time=0.330340
MPI-STRIPS-WEAK: cores=5, threads=1, width=2236, height=2236, time=0.134036
MPI-STRIPS-WEAK: cores=6, threads=1, width=2449, height=2449, time=0.085764
MPI-STRIPS-WEAK: cores=7, threads=1, width=2645, height=2645, time=0.092413
MPI-STRIPS-WEAK: cores=8, threads=1, width=2828, height=2828, time=0.041516
MPI-STRIPS-WEAK: cores=9, threads=1, width=3000, height=3000, time=0.026771
MPI-STRIPS-WEAK: cores=10, threads=1, width=3162, height=3162, time=0.030351
MPI-STRIPS-WEAK: cores=11, threads=1, width=3316, height=3316, time=0.050397
MPI-STRIPS-WEAK: cores=12, threads=1, width=3464, height=3464, time=0.023014
MPI-STRIPS-WEAK: cores=13, threads=1, width=3605, height=3605, time=0.041531
MPI-STRIPS-WEAK: cores=14, threads=1, width=3741, height=3741, time=0.024596
MPI-STRIPS-WEAK: cores=15, threads=1, width=3872, height=3872, time=0.022435
MPI-STRIPS-WEAK: cores=16, threads=1, width=4000, height=4000, time=0.021818
MPI-STRIPS-WEAK: cores=17, threads=1, width=4123, height=4123, time=0.033171
MPI-STRIPS-WEAK: cores=18, threads=1, width=4242, height=4242, time=0.021995
MPI-STRIPS-WEAK: cores=19, threads=1, width=4358, height=4358, time=0.031800
MPI-STRIPS-WEAK: cores=20, threads=1, width=4472, height=4472, time=0.021328
MPI-STRIPS-WEAK: cores=21, threads=1, width=4582, height=4582, time=0.021862
MPI-STRIPS-WEAK: cores=22, threads=1, width=4690, height=4690, time=0.023673
MPI-STRIPS-WEAK: cores=23, threads=1, width=4795, height=4795, time=0.031011
MPI-STRIPS-WEAK: cores=24, threads=1, width=4898, height=4898, time=0.021126
MPI-STRIPS-WEAK: cores=25, threads=1, width=5000, height=5000, time=0.020774
MPI-STRIPS-WEAK: cores=26, threads=1, width=5099, height=5099, time=0.023526
MPI-STRIPS-WEAK: cores=27, threads=1, width=5196, height=5196, time=0.021805
MPI-STRIPS-WEAK: cores=28, threads=1, width=5291, height=5291, time=0.021028
MPI-STRIPS-WEAK: cores=29, threads=1, width=5385, height=5385, time=0.030791
MPI-STRIPS-WEAK: cores=30, threads=1, width=5477, height=5477, time=0.020067
MPI-STRIPS-WEAK: cores=31, threads=1, width=5567, height=5567, time=0.030659
MPI-STRIPS-WEAK: cores=32, threads=1, width=5656, height=5656, time=0.020785
MPI-STRIPS-WEAK: cores=33, threads=1, width=5744, height=5744, time=0.021575
MPI-STRIPS-WEAK: cores=34, threads=1, width=5830, height=5830, time=0.023371
MPI-STRIPS-WEAK: cores=35, threads=1, width=5916, height=5916, time=0.020042
MPI-STRIPS-WEAK: cores=36, threads=1, width=6000, height=6000, time=0.019426
MPI-STRIPS-WEAK: cores=37, threads=1, width=6082, height=6082, time=0.030920
MPI-STRIPS-WEAK: cores=38, threads=1, width=6164, height=6164, time=0.023276
MPI-STRIPS-WEAK: cores=39, threads=1, width=6244, height=6244, time=0.021570
MPI-STRIPS-WEAK: cores=40, threads=1, width=6324, height=6324, time=0.019847
MPI-STRIPS-WEAK: cores=41, threads=1, width=6403, height=6403, time=0.031148
MPI-STRIPS-WEAK: cores=42, threads=1, width=6480, height=6480, time=0.019041
MPI-STRIPS-WEAK: cores=43, threads=1, width=6557, height=6557, time=0.031082
MPI-STRIPS-WEAK: cores=44, threads=1, width=6633, height=6633, time=0.020442
--------------------------------------------------------------------------
An ORTE daemon has unexpectedly failed after launch and before
communicating back to mpirun. This could be caused by a number
of factors, including an inability to create a connection back
to mpirun due to a lack of common network interfaces and/or no
route found between them. Please check network connectivity
(including firewalls and network routing requirements).
--------------------------------------------------------------------------
MPI-STRIPS-WEAK: cores=45, threads=1, width=6708, height=6708, time=
MPI-STRIPS-WEAK: cores=46, threads=1, width=6782, height=6782, time=0.023472
MPI-STRIPS-WEAK: cores=47, threads=1, width=6855, height=6855, time=0.031160
MPI-STRIPS-WEAK: cores=48, threads=1, width=6928, height=6928, time=0.019343
MPI-STRIPS-WEAK: cores=49, threads=1, width=7000, height=7000, time=0.018647
MPI-STRIPS-WEAK: cores=50, threads=1, width=7071, height=7071, time=0.019809
MPI-STRIPS-WEAK: cores=51, threads=1, width=7141, height=7141, time=0.021509
MPI-STRIPS-WEAK: cores=52, threads=1, width=7211, height=7211, time=0.020538
MPI-STRIPS-WEAK: cores=53, threads=1, width=7280, height=7280, time=0.031298
MPI-STRIPS-WEAK: cores=54, threads=1, width=7348, height=7348, time=0.019236
MPI-STRIPS-WEAK: cores=55, threads=1, width=7416, height=7416, time=0.020071
MPI-STRIPS-WEAK: cores=56, threads=1, width=7483, height=7483, time=0.018567
MPI-STRIPS-WEAK: cores=57, threads=1, width=7549, height=7549, time=0.021734
MPI-STRIPS-WEAK: cores=58, threads=1, width=7615, height=7615, time=0.023534
MPI-STRIPS-WEAK: cores=59, threads=1, width=7681, height=7681, time=0.031732
MPI-STRIPS-WEAK: cores=60, threads=1, width=7745, height=7745, time=0.019305
MPI-STRIPS-WEAK: cores=61, threads=1, width=7810, height=7810, time=0.031851
MPI-STRIPS-WEAK: cores=62, threads=1, width=7874, height=7874, time=0.024004
MPI-STRIPS-WEAK: cores=63, threads=1, width=7937, height=7937, time=0.018815
MPI-STRIPS-WEAK: cores=64, threads=1, width=8000, height=8000, time=0.018631
MPI-STRIPS-WEAK: cores=65, threads=1, width=8062, height=8062, time=0.020322
MPI-STRIPS-WEAK: cores=66, threads=1, width=8124, height=8124, time=0.019813
MPI-STRIPS-WEAK: cores=67, threads=1, width=8185, height=8185, time=0.032028
MPI-STRIPS-WEAK: cores=68, threads=1, width=8246, height=8246, time=0.021280
MPI-STRIPS-WEAK: cores=69, threads=1, width=8306, height=8306, time=0.022111
MPI-STRIPS-WEAK: cores=70, threads=1, width=8366, height=8366, time=0.019090
MPI-STRIPS-WEAK: cores=71, threads=1, width=8426, height=8426, time=0.031619
MPI-STRIPS-WEAK: cores=72, threads=1, width=8485, height=8485, time=0.018453
MPI-STRIPS-WEAK: cores=73, threads=1, width=8544, height=8544, time=0.031805
MPI-STRIPS-WEAK: cores=74, threads=1, width=8602, height=8602, time=0.023598
MPI-STRIPS-WEAK: cores=75, threads=1, width=8660, height=8660, time=0.020190
MPI-STRIPS-WEAK: cores=76, threads=1, width=8717, height=8717, time=0.020837
MPI-STRIPS-WEAK: cores=77, threads=1, width=8774, height=8774, time=0.018799
MPI-STRIPS-WEAK: cores=78, threads=1, width=8831, height=8831, time=0.018898
MPI-STRIPS-WEAK: cores=79, threads=1, width=8888, height=8888, time=0.031976
MPI-STRIPS-WEAK: cores=80, threads=1, width=8944, height=8944, time=0.017882
MPI-STRIPS-WEAK: cores=81, threads=1, width=9000, height=9000, time=0.017717
MPI-STRIPS-WEAK: cores=82, threads=1, width=9055, height=9055, time=0.023430
MPI-STRIPS-WEAK: cores=83, threads=1, width=9110, height=9110, time=0.031884
MPI-STRIPS-WEAK: cores=84, threads=1, width=9165, height=9165, time=0.018550
MPI-STRIPS-WEAK: cores=85, threads=1, width=9219, height=9219, time=0.019846
MPI-STRIPS-WEAK: cores=86, threads=1, width=9273, height=9273, time=0.023550
MPI-STRIPS-WEAK: cores=87, threads=1, width=9327, height=9327, time=0.021884
MPI-STRIPS-WEAK: cores=88, threads=1, width=9380, height=9380, time=0.017656
MPI-STRIPS-WEAK: cores=89, threads=1, width=9433, height=9433, time=0.031837
MPI-STRIPS-WEAK: cores=90, threads=1, width=9486, height=9486, time=0.017658
MPI-STRIPS-WEAK: cores=91, threads=1, width=9539, height=9539, time=0.018472
MPI-STRIPS-WEAK: cores=92, threads=1, width=9591, height=9591, time=0.020864
MPI-STRIPS-WEAK: cores=93, threads=1, width=9643, height=9643, time=0.022027
MPI-STRIPS-WEAK: cores=94, threads=1, width=9695, height=9695, time=0.023499
MPI-STRIPS-WEAK: cores=95, threads=1, width=9746, height=9746, time=0.020099
MPI-STRIPS-WEAK: cores=96, threads=1, width=9797, height=9797, time=0.017792
MPI-STRIPS-WEAK: cores=97, threads=1, width=9848, height=9848, time=0.032220
MPI-STRIPS-WEAK: cores=98, threads=1, width=9899, height=9899, time=0.018342
MPI-STRIPS-WEAK: cores=99, threads=1, width=9949, height=9949, time=0.017507
MPI-STRIPS-WEAK: cores=100, threads=1, width=10000, height=10000, time=0.017306
MPI-STRIPS-WEAK: cores=101, threads=1, width=10049, height=10049, time=0.032197
MPI-STRIPS-WEAK: cores=102, threads=1, width=10099, height=10099, time=0.018862
MPI-STRIPS-WEAK: cores=103, threads=1, width=10148, height=10148, time=0.032450
MPI-STRIPS-WEAK: cores=104, threads=1, width=10198, height=10198, time=0.017827
MPI-STRIPS-WEAK: cores=105, threads=1, width=10246, height=10246, time=0.018281
MPI-STRIPS-WEAK: cores=106, threads=1, width=10295, height=10295, time=0.023525
MPI-STRIPS-WEAK: cores=107, threads=1, width=10344, height=10344, time=0.032180
MPI-STRIPS-WEAK: cores=108, threads=1, width=10392, height=10392, time=0.017344
MPI-STRIPS-WEAK: cores=109, threads=1, width=10440, height=10440, time=0.032134
MPI-STRIPS-WEAK: cores=110, threads=1, width=10488, height=10488, time=0.017258
MPI-STRIPS-WEAK: cores=111, threads=1, width=10535, height=10535, time=0.021853
MPI-STRIPS-WEAK: cores=112, threads=1, width=10583, height=10583, time=0.017881
MPI-STRIPS-WEAK: cores=113, threads=1, width=10630, height=10630, time=0.032549
MPI-STRIPS-WEAK: cores=114, threads=1, width=10677, height=10677, time=0.018545
MPI-STRIPS-WEAK: cores=115, threads=1, width=10723, height=10723, time=0.019735
MPI-STRIPS-WEAK: cores=116, threads=1, width=10770, height=10770, time=0.021241
MPI-STRIPS-WEAK: cores=117, threads=1, width=10816, height=10816, time=0.017606
MPI-STRIPS-WEAK: cores=118, threads=1, width=10862, height=10862, time=0.023568
MPI-STRIPS-WEAK: cores=119, threads=1, width=10908, height=10908, time=0.018257
MPI-STRIPS-WEAK: cores=120, threads=1, width=10954, height=10954, time=0.016893
MPI-STRIPS-WEAK: cores=121, threads=1, width=11000, height=11000, time=0.017413
MPI-STRIPS-WEAK: cores=122, threads=1, width=11045, height=11045, time=0.023574
MPI-STRIPS-WEAK: cores=123, threads=1, width=11090, height=11090, time=0.021884
MPI-STRIPS-WEAK: cores=124, threads=1, width=11135, height=11135, time=0.021028
MPI-STRIPS-WEAK: cores=125, threads=1, width=11180, height=11180, time=0.019668
MPI-STRIPS-WEAK: cores=126, threads=1, width=11224, height=11224, time=0.017410
MPI-STRIPS-WEAK: cores=127, threads=1, width=11269, height=11269, time=0.032301
MPI-STRIPS-WEAK: cores=128, threads=1, width=11313, height=11313, time=0.017482
MPI-STRIPS-WEAK: cores=129, threads=1, width=11357, height=11357, time=0.022469
MPI-STRIPS-WEAK: cores=130, threads=1, width=11401, height=11401, time=0.017203
MPI-STRIPS-WEAK: cores=131, threads=1, width=11445, height=11445, time=0.032290
MPI-STRIPS-WEAK: cores=132, threads=1, width=11489, height=11489, time=0.016749
MPI-STRIPS-WEAK: cores=133, threads=1, width=11532, height=11532, time=0.018313
MPI-STRIPS-WEAK: cores=134, threads=1, width=11575, height=11575, time=0.023608
MPI-STRIPS-WEAK: cores=135, threads=1, width=11618, height=11618, time=0.017399
MPI-STRIPS-WEAK: cores=136, threads=1, width=11661, height=11661, time=0.017753
MPI-STRIPS-WEAK: cores=137, threads=1, width=11704, height=11704, time=0.032334
MPI-STRIPS-WEAK: cores=138, threads=1, width=11747, height=11747, time=0.018597
MPI-STRIPS-WEAK: cores=139, threads=1, width=11789, height=11789, time=0.032025
MPI-STRIPS-WEAK: cores=140, threads=1, width=11832, height=11832, time=0.017034
MPI-STRIPS-WEAK: cores=141, threads=1, width=11874, height=11874, time=0.022131
MPI-STRIPS-WEAK: cores=142, threads=1, width=11916, height=11916, time=0.023740
MPI-STRIPS-WEAK: cores=143, threads=1, width=11958, height=11958, time=0.016768
MPI-STRIPS-WEAK: cores=144, threads=1, width=12000, height=12000, time=0.016542
MPI-STRIPS-WEAK: cores=145, threads=1, width=12041, height=12041, time=0.019823
MPI-STRIPS-WEAK: cores=146, threads=1, width=12083, height=12083, time=0.023643
MPI-STRIPS-WEAK: cores=147, threads=1, width=12124, height=12124, time=0.018100
MPI-STRIPS-WEAK: cores=148, threads=1, width=12165, height=12165, time=0.021139
MPI-STRIPS-WEAK: cores=149, threads=1, width=12206, height=12206, time=0.031835
MPI-STRIPS-WEAK: cores=150, threads=1, width=12247, height=12247, time=0.016958
MPI-STRIPS-WEAK: cores=151, threads=1, width=12288, height=12288, time=0.031786
MPI-STRIPS-WEAK: cores=152, threads=1, width=12328, height=12328, time=0.017794
MPI-STRIPS-WEAK: cores=153, threads=1, width=12369, height=12369, time=0.017714
MPI-STRIPS-WEAK: cores=154, threads=1, width=12409, height=12409, time=0.016878
MPI-STRIPS-WEAK: cores=155, threads=1, width=12449, height=12449, time=0.019736
MPI-STRIPS-WEAK: cores=156, threads=1, width=12489, height=12489, time=0.016240
MPI-STRIPS-WEAK: cores=157, threads=1, width=12529, height=12529, time=0.031543
MPI-STRIPS-WEAK: cores=158, threads=1, width=12569, height=12569, time=0.023887
MPI-STRIPS-WEAK: cores=159, threads=1, width=12609, height=12609, time=0.022136
MPI-STRIPS-WEAK: cores=160, threads=1, width=12649, height=12649, time=0.017566
MPI-STRIPS-WEAK: cores=161, threads=1, width=12688, height=12688, time=0.018310
MPI-STRIPS-WEAK: cores=162, threads=1, width=12727, height=12727, time=0.017561
MPI-STRIPS-WEAK: cores=163, threads=1, width=12767, height=12767, time=0.031458
MPI-STRIPS-WEAK: cores=164, threads=1, width=12806, height=12806, time=0.020996
MPI-STRIPS-WEAK: cores=165, threads=1, width=12845, height=12845, time=0.016646
MPI-STRIPS-WEAK: cores=166, threads=1, width=12884, height=12884, time=0.023850
MPI-STRIPS-WEAK: cores=167, threads=1, width=12922, height=12922, time=0.031377
MPI-STRIPS-WEAK: cores=168, threads=1, width=12961, height=12961, time=0.016356
MPI-STRIPS-WEAK: cores=169, threads=1, width=13000, height=13000, time=0.016353
MPI-STRIPS-WEAK: cores=170, threads=1, width=13038, height=13038, time=0.017411
MPI-STRIPS-WEAK: cores=171, threads=1, width=13076, height=13076, time=0.017350
MPI-STRIPS-WEAK: cores=172, threads=1, width=13114, height=13114, time=0.021014
MPI-STRIPS-WEAK: cores=173, threads=1, width=13152, height=13152, time=0.031077
MPI-STRIPS-WEAK: cores=174, threads=1, width=13190, height=13190, time=0.018583
MPI-STRIPS-WEAK: cores=175, threads=1, width=13228, height=13228, time=0.018198
MPI-STRIPS-WEAK: cores=176, threads=1, width=13266, height=13266, time=0.016324
MPI-STRIPS-WEAK: cores=177, threads=1, width=13304, height=13304, time=0.022272
MPI-STRIPS-WEAK: cores=178, threads=1, width=13341, height=13341, time=0.023662
MPI-STRIPS-WEAK: cores=179, threads=1, width=13379, height=13379, time=0.030694
MPI-STRIPS-WEAK: cores=180, threads=1, width=13416, height=13416, time=0.016367
MPI-STRIPS-WEAK: cores=181, threads=1, width=13453, height=13453, time=0.031609
MPI-STRIPS-WEAK: cores=182, threads=1, width=13490, height=13490, time=0.015896
MPI-STRIPS-WEAK: cores=183, threads=1, width=13527, height=13527, time=0.022211
MPI-STRIPS-WEAK: cores=184, threads=1, width=13564, height=13564, time=0.018226
MPI-STRIPS-WEAK: cores=185, threads=1, width=13601, height=13601, time=0.019787
MPI-STRIPS-WEAK: cores=186, threads=1, width=13638, height=13638, time=0.018641
MPI-STRIPS-WEAK: cores=187, threads=1, width=13674, height=13674, time=0.016593
MPI-STRIPS-WEAK: cores=188, threads=1, width=13711, height=13711, time=0.020988
MPI-STRIPS-WEAK: cores=189, threads=1, width=13747, height=13747, time=0.017676
MPI-STRIPS-WEAK: cores=190, threads=1, width=13784, height=13784, time=0.016900
MPI-STRIPS-WEAK: cores=191, threads=1, width=13820, height=13820, time=0.031527
MPI-STRIPS-WEAK: cores=192, threads=1, width=13856, height=13856, time=0.016322
MPI-STRIPS-WEAK: cores=193, threads=1, width=13892, height=13892, time=0.030534
MPI-STRIPS-WEAK: cores=194, threads=1, width=13928, height=13928, time=0.023892
MPI-STRIPS-WEAK: cores=195, threads=1, width=13964, height=13964, time=0.016079
MPI-STRIPS-WEAK: cores=196, threads=1, width=14000, height=14000, time=0.015989
MPI-STRIPS-WEAK: cores=197, threads=1, width=14035, height=14035, time=0.031017
MPI-STRIPS-WEAK: cores=198, threads=1, width=14071, height=14071, time=0.016477
MPI-STRIPS-WEAK: cores=199, threads=1, width=14106, height=14106, time=0.030865
MPI-STRIPS-WEAK: cores=200, threads=1, width=14142, height=14142, time=0.017101
MPI-STRIPS-WEAK: cores=201, threads=1, width=14177, height=14177, time=0.022134
MPI-STRIPS-WEAK: cores=202, threads=1, width=14212, height=14212, time=0.024275
MPI-STRIPS-WEAK: cores=203, threads=1, width=14247, height=14247, time=0.018009
MPI-STRIPS-WEAK: cores=204, threads=1, width=14282, height=14282, time=0.016274
MPI-STRIPS-WEAK: cores=205, threads=1, width=14317, height=14317, time=0.019834
MPI-STRIPS-WEAK: cores=206, threads=1, width=14352, height=14352, time=0.024032
MPI-STRIPS-WEAK: cores=207, threads=1, width=14387, height=14387, time=0.017448
MPI-STRIPS-WEAK: cores=208, threads=1, width=14422, height=14422, time=0.015959
MPI-STRIPS-WEAK: cores=209, threads=1, width=14456, height=14456, time=0.016607
MPI-STRIPS-WEAK: cores=210, threads=1, width=14491, height=14491, time=0.015939
MPI-STRIPS-WEAK: cores=211, threads=1, width=14525, height=14525, time=0.030763
MPI-STRIPS-WEAK: cores=212, threads=1, width=14560, height=14560, time=0.021513
MPI-STRIPS-WEAK: cores=213, threads=1, width=14594, height=14594, time=0.022122
MPI-STRIPS-WEAK: cores=214, threads=1, width=14628, height=14628, time=0.024118
MPI-STRIPS-WEAK: cores=215, threads=1, width=14662, height=14662, time=0.019629
MPI-STRIPS-WEAK: cores=216, threads=1, width=14696, height=14696, time=0.016317
MPI-STRIPS-WEAK: cores=217, threads=1, width=14730, height=14730, time=0.018850
MPI-STRIPS-WEAK: cores=218, threads=1, width=14764, height=14764, time=0.024207
MPI-STRIPS-WEAK: cores=219, threads=1, width=14798, height=14798, time=0.022223
MPI-STRIPS-WEAK: cores=220, threads=1, width=14832, height=14832, time=0.016256
MPI-STRIPS-WEAK: cores=221, threads=1, width=14866, height=14866, time=0.015817
MPI-STRIPS-WEAK: cores=222, threads=1, width=14899, height=14899, time=0.018305
MPI-STRIPS-WEAK: cores=223, threads=1, width=14933, height=14933, time=0.030779
MPI-STRIPS-WEAK: cores=224, threads=1, width=14966, height=14966, time=0.015783
MPI-STRIPS-WEAK: cores=225, threads=1, width=15000, height=15000, time=0.015875
MPI-STRIPS-WEAK: cores=226, threads=1, width=15033, height=15033, time=0.024116
MPI-STRIPS-WEAK: cores=227, threads=1, width=15066, height=15066, time=0.031008
MPI-STRIPS-WEAK: cores=228, threads=1, width=15099, height=15099, time=0.016266
MPI-STRIPS-WEAK: cores=229, threads=1, width=15132, height=15132, time=0.031483
MPI-STRIPS-WEAK: cores=230, threads=1, width=15165, height=15165, time=0.017215
MPI-STRIPS-WEAK: cores=231, threads=1, width=15198, height=15198, time=0.016450
MPI-STRIPS-WEAK: cores=232, threads=1, width=15231, height=15231, time=0.017353
MPI-STRIPS-WEAK: cores=233, threads=1, width=15264, height=15264, time=0.030774
MPI-STRIPS-WEAK: cores=234, threads=1, width=15297, height=15297, time=0.015825
MPI-STRIPS-WEAK: cores=235, threads=1, width=15329, height=15329, time=0.019549
MPI-STRIPS-WEAK: cores=236, threads=1, width=15362, height=15362, time=0.021286
MPI-STRIPS-WEAK: cores=237, threads=1, width=15394, height=15394, time=0.022143
MPI-STRIPS-WEAK: cores=238, threads=1, width=15427, height=15427, time=0.015888
MPI-STRIPS-WEAK: cores=239, threads=1, width=15459, height=15459, time=0.030860
--------------------------------------------------------------------------
An ORTE daemon has unexpectedly failed after launch and before
communicating back to mpirun. This could be caused by a number
of factors, including an inability to create a connection back
to mpirun due to a lack of common network interfaces and/or no
route found between them. Please check network connectivity
(including firewalls and network routing requirements).
--------------------------------------------------------------------------
MPI-STRIPS-WEAK: cores=240, threads=1, width=15491, height=15491, time=
MPI-STRIPS-WEAK: cores=241, threads=1, width=15524, height=15524, time=0.030701
MPI-STRIPS-WEAK: cores=242, threads=1, width=15556, height=15556, time=0.016471
MPI-STRIPS-WEAK: cores=243, threads=1, width=15588, height=15588, time=0.017158
MPI-STRIPS-WEAK: cores=244, threads=1, width=15620, height=15620, time=0.020918
MPI-STRIPS-WEAK: cores=245, threads=1, width=15652, height=15652, time=0.018401
MPI-STRIPS-WEAK: cores=246, threads=1, width=15684, height=15684, time=0.018472
MPI-STRIPS-WEAK: cores=247, threads=1, width=15716, height=15716, time=0.016064
MPI-STRIPS-WEAK: cores=248, threads=1, width=15748, height=15748, time=0.017415
MPI-STRIPS-WEAK: cores=249, threads=1, width=15779, height=15779, time=0.022404
MPI-STRIPS-WEAK: cores=250, threads=1, width=15811, height=15811, time=0.016796
MPI-STRIPS-WEAK: cores=251, threads=1, width=15842, height=15842, time=0.031357
MPI-STRIPS-WEAK: cores=252, threads=1, width=15874, height=15874, time=0.015733
MPI-STRIPS-WEAK: cores=253, threads=1, width=15905, height=15905, time=0.016632
MPI-STRIPS-WEAK: cores=254, threads=1, width=15937, height=15937, time=0.024076
MPI-STRIPS-WEAK: cores=255, threads=1, width=15968, height=15968, time=0.016159
MPI-STRIPS-WEAK: cores=256, threads=1, width=16000, height=16000, time=0.016426
