COLS: cores=1, threads=1, width=10000, height=10000, time=55.537093
COLS: cores=2, threads=1, width=10000, height=10000, time=39.090108
COLS: cores=3, threads=1, width=10000, height=10000, time=35.173702
COLS: cores=4, threads=1, width=10000, height=10000, time=34.540792
COLS: cores=5, threads=1, width=10000, height=10000, time=25.665395
COLS: cores=6, threads=1, width=10000, height=10000, time=24.193862
COLS: cores=7, threads=1, width=10000, height=10000, time=21.478431
COLS: cores=8, threads=1, width=10000, height=10000, time=17.364728
COLS: cores=9, threads=1, width=10000, height=10000, time=17.243265
COLS: cores=10, threads=1, width=10000, height=10000, time=15.503658
COLS: cores=11, threads=1, width=10000, height=10000, time=13.857279
COLS: cores=12, threads=1, width=10000, height=10000, time=13.613469
COLS: cores=13, threads=1, width=10000, height=10000, time=11.933496
COLS: cores=14, threads=1, width=10000, height=10000, time=11.547476
COLS: cores=15, threads=1, width=10000, height=10000, time=11.126100
COLS: cores=16, threads=1, width=10000, height=10000, time=9.631354
COLS: cores=17, threads=1, width=10000, height=10000, time=9.957503
COLS: cores=18, threads=1, width=10000, height=10000, time=9.255802
COLS: cores=19, threads=1, width=10000, height=10000, time=8.567235
COLS: cores=20, threads=1, width=10000, height=10000, time=8.688758
COLS: cores=21, threads=1, width=10000, height=10000, time=7.903927
COLS: cores=22, threads=1, width=10000, height=10000, time=7.802122
COLS: cores=23, threads=1, width=10000, height=10000, time=7.578655
COLS: cores=24, threads=1, width=10000, height=10000, time=6.834020
COLS: cores=25, threads=1, width=10000, height=10000, time=7.003137
COLS: cores=26, threads=1, width=10000, height=10000, time=6.682967
COLS: cores=27, threads=1, width=10000, height=10000, time=6.323808
COLS: cores=28, threads=1, width=10000, height=10000, time=6.305169
COLS: cores=29, threads=1, width=10000, height=10000, time=5.979981
COLS: cores=30, threads=1, width=10000, height=10000, time=5.831890
COLS: cores=31, threads=1, width=10000, height=10000, time=5.700919
COLS: cores=32, threads=1, width=10000, height=10000, time=5.357568
COLS: cores=33, threads=1, width=10000, height=10000, time=5.383774
COLS: cores=34, threads=1, width=10000, height=10000, time=5.213755
COLS: cores=35, threads=1, width=10000, height=10000, time=4.986707
COLS: cores=36, threads=1, width=10000, height=10000, time=4.971991
COLS: cores=37, threads=1, width=10000, height=10000, time=4.767916
COLS: cores=38, threads=1, width=10000, height=10000, time=4.658803
COLS: cores=39, threads=1, width=10000, height=10000, time=4.589578
--------------------------------------------------------------------------
An ORTE daemon has unexpectedly failed after launch and before
communicating back to mpirun. This could be caused by a number
of factors, including an inability to create a connection back
to mpirun due to a lack of common network interfaces and/or no
route found between them. Please check network connectivity
(including firewalls and network routing requirements).
--------------------------------------------------------------------------
COLS: cores=40, threads=1, width=10000, height=10000, time=
COLS: cores=41, threads=1, width=10000, height=10000, time=4.349785
COLS: cores=42, threads=1, width=10000, height=10000, time=4.260791
COLS: cores=43, threads=1, width=10000, height=10000, time=4.071457
COLS: cores=44, threads=1, width=10000, height=10000, time=4.088388
COLS: cores=45, threads=1, width=10000, height=10000, time=3.962319
COLS: cores=46, threads=1, width=10000, height=10000, time=3.852781
COLS: cores=47, threads=1, width=10000, height=10000, time=3.840548
COLS: cores=48, threads=1, width=10000, height=10000, time=3.694552
COLS: cores=49, threads=1, width=10000, height=10000, time=3.658090
COLS: cores=50, threads=1, width=10000, height=10000, time=3.622405
COLS: cores=51, threads=1, width=10000, height=10000, time=3.459672
COLS: cores=52, threads=1, width=10000, height=10000, time=3.470375
COLS: cores=53, threads=1, width=10000, height=10000, time=3.393384
COLS: cores=54, threads=1, width=10000, height=10000, time=3.297421
COLS: cores=55, threads=1, width=10000, height=10000, time=3.309531
COLS: cores=56, threads=1, width=10000, height=10000, time=3.176199
COLS: cores=57, threads=1, width=10000, height=10000, time=3.153054
COLS: cores=58, threads=1, width=10000, height=10000, time=3.133657
COLS: cores=59, threads=1, width=10000, height=10000, time=3.007854
COLS: cores=60, threads=1, width=10000, height=10000, time=3.031451
COLS: cores=61, threads=1, width=10000, height=10000, time=2.982287
COLS: cores=62, threads=1, width=10000, height=10000, time=2.889611
COLS: cores=63, threads=1, width=10000, height=10000, time=2.901403
COLS: cores=64, threads=1, width=10000, height=10000, time=2.813341
COLS: cores=65, threads=1, width=10000, height=10000, time=2.785145
COLS: cores=66, threads=1, width=10000, height=10000, time=2.758697
COLS: cores=67, threads=1, width=10000, height=10000, time=2.668897
COLS: cores=68, threads=1, width=10000, height=10000, time=2.675212
COLS: cores=69, threads=1, width=10000, height=10000, time=2.644488
COLS: cores=70, threads=1, width=10000, height=10000, time=2.571125
COLS: cores=71, threads=1, width=10000, height=10000, time=2.581433
COLS: cores=72, threads=1, width=10000, height=10000, time=2.532474
COLS: cores=73, threads=1, width=10000, height=10000, time=2.477278
COLS: cores=74, threads=1, width=10000, height=10000, time=2.477827
COLS: cores=75, threads=1, width=10000, height=10000, time=2.401326
COLS: cores=76, threads=1, width=10000, height=10000, time=2.401167
COLS: cores=77, threads=1, width=10000, height=10000, time=2.385198
COLS: cores=78, threads=1, width=10000, height=10000, time=2.305432
COLS: cores=79, threads=1, width=10000, height=10000, time=2.316560
COLS: cores=80, threads=1, width=10000, height=10000, time=2.291903
COLS: cores=81, threads=1, width=10000, height=10000, time=2.243106
COLS: cores=82, threads=1, width=10000, height=10000, time=2.247239
COLS: cores=83, threads=1, width=10000, height=10000, time=2.174210
COLS: cores=84, threads=1, width=10000, height=10000, time=2.172902
COLS: cores=85, threads=1, width=10000, height=10000, time=2.168959
COLS: cores=86, threads=1, width=10000, height=10000, time=2.098203
COLS: cores=87, threads=1, width=10000, height=10000, time=2.119445
COLS: cores=88, threads=1, width=10000, height=10000, time=2.078035
COLS: cores=89, threads=1, width=10000, height=10000, time=2.045248
COLS: cores=90, threads=1, width=10000, height=10000, time=2.049062
COLS: cores=91, threads=1, width=10000, height=10000, time=2.015053
COLS: cores=92, threads=1, width=10000, height=10000, time=2.009821
COLS: cores=93, threads=1, width=10000, height=10000, time=1.970449
COLS: cores=94, threads=1, width=10000, height=10000, time=1.927525
COLS: cores=95, threads=1, width=10000, height=10000, time=1.940829
COLS: cores=96, threads=1, width=10000, height=10000, time=1.917641
COLS: cores=97, threads=1, width=10000, height=10000, time=1.880548
COLS: cores=98, threads=1, width=10000, height=10000, time=1.888040
COLS: cores=99, threads=1, width=10000, height=10000, time=1.862677
COLS: cores=100, threads=1, width=10000, height=10000, time=1.833318
COLS: cores=101, threads=1, width=10000, height=10000, time=1.832962
COLS: cores=102, threads=1, width=10000, height=10000, time=1.799117
COLS: cores=103, threads=1, width=10000, height=10000, time=1.790954
COLS: cores=104, threads=1, width=10000, height=10000, time=1.774018
COLS: cores=105, threads=1, width=10000, height=10000, time=1.745336
COLS: cores=106, threads=1, width=10000, height=10000, time=1.742056
COLS: cores=107, threads=1, width=10000, height=10000, time=1.709084
COLS: cores=108, threads=1, width=10000, height=10000, time=1.701240
COLS: cores=109, threads=1, width=10000, height=10000, time=1.704422
COLS: cores=110, threads=1, width=10000, height=10000, time=1.673551
COLS: cores=111, threads=1, width=10000, height=10000, time=1.664911
COLS: cores=112, threads=1, width=10000, height=10000, time=1.650499
COLS: cores=113, threads=1, width=10000, height=10000, time=1.628610
COLS: cores=114, threads=1, width=10000, height=10000, time=1.641990
COLS: cores=115, threads=1, width=10000, height=10000, time=1.611440
COLS: cores=116, threads=1, width=10000, height=10000, time=1.589178
COLS: cores=117, threads=1, width=10000, height=10000, time=1.575330
COLS: cores=118, threads=1, width=10000, height=10000, time=1.563903
COLS: cores=119, threads=1, width=10000, height=10000, time=1.563659
COLS: cores=120, threads=1, width=10000, height=10000, time=1.540729
COLS: cores=121, threads=1, width=10000, height=10000, time=1.542410
COLS: cores=122, threads=1, width=10000, height=10000, time=1.526069
COLS: cores=123, threads=1, width=10000, height=10000, time=1.498887
COLS: cores=124, threads=1, width=10000, height=10000, time=1.507633
COLS: cores=125, threads=1, width=10000, height=10000, time=1.491428
COLS: cores=126, threads=1, width=10000, height=10000, time=1.458987
COLS: cores=127, threads=1, width=10000, height=10000, time=1.470561
COLS: cores=128, threads=1, width=10000, height=10000, time=1.452656
COLS: cores=129, threads=1, width=10000, height=10000, time=1.431320
COLS: cores=130, threads=1, width=10000, height=10000, time=1.433628
COLS: cores=131, threads=1, width=10000, height=10000, time=1.413340
COLS: cores=132, threads=1, width=10000, height=10000, time=1.417179
COLS: cores=133, threads=1, width=10000, height=10000, time=1.401677
COLS: cores=134, threads=1, width=10000, height=10000, time=1.393454
COLS: cores=135, threads=1, width=10000, height=10000, time=1.374559
COLS: cores=136, threads=1, width=10000, height=10000, time=1.360098
COLS: cores=137, threads=1, width=10000, height=10000, time=1.362992
COLS: cores=138, threads=1, width=10000, height=10000, time=1.348171
COLS: cores=139, threads=1, width=10000, height=10000, time=1.344456
COLS: cores=140, threads=1, width=10000, height=10000, time=1.327225
COLS: cores=141, threads=1, width=10000, height=10000, time=1.330187
COLS: cores=142, threads=1, width=10000, height=10000, time=1.300482
COLS: cores=143, threads=1, width=10000, height=10000, time=1.302723
COLS: cores=144, threads=1, width=10000, height=10000, time=1.289412
COLS: cores=145, threads=1, width=10000, height=10000, time=1.289399
COLS: cores=146, threads=1, width=10000, height=10000, time=1.276167
COLS: cores=147, threads=1, width=10000, height=10000, time=1.272363
COLS: cores=148, threads=1, width=10000, height=10000, time=1.254932
COLS: cores=149, threads=1, width=10000, height=10000, time=1.256837
COLS: cores=150, threads=1, width=10000, height=10000, time=1.252194
COLS: cores=151, threads=1, width=10000, height=10000, time=1.236847
COLS: cores=152, threads=1, width=10000, height=10000, time=1.247558
COLS: cores=153, threads=1, width=10000, height=10000, time=1.212510
COLS: cores=154, threads=1, width=10000, height=10000, time=1.215378
COLS: cores=155, threads=1, width=10000, height=10000, time=1.197631
COLS: cores=156, threads=1, width=10000, height=10000, time=1.197904
COLS: cores=157, threads=1, width=10000, height=10000, time=1.199101
COLS: cores=158, threads=1, width=10000, height=10000, time=1.179966
COLS: cores=159, threads=1, width=10000, height=10000, time=1.176629
COLS: cores=160, threads=1, width=10000, height=10000, time=1.164069
COLS: cores=161, threads=1, width=10000, height=10000, time=1.161731
COLS: cores=162, threads=1, width=10000, height=10000, time=1.166235
COLS: cores=163, threads=1, width=10000, height=10000, time=1.159071
COLS: cores=164, threads=1, width=10000, height=10000, time=1.144942
COLS: cores=165, threads=1, width=10000, height=10000, time=1.131255
COLS: cores=166, threads=1, width=10000, height=10000, time=1.125405
COLS: cores=167, threads=1, width=10000, height=10000, time=1.135494
COLS: cores=168, threads=1, width=10000, height=10000, time=1.108717
COLS: cores=169, threads=1, width=10000, height=10000, time=1.115384
COLS: cores=170, threads=1, width=10000, height=10000, time=1.109780
COLS: cores=171, threads=1, width=10000, height=10000, time=1.095539
COLS: cores=172, threads=1, width=10000, height=10000, time=1.088738
COLS: cores=173, threads=1, width=10000, height=10000, time=1.101462
COLS: cores=174, threads=1, width=10000, height=10000, time=1.073746
COLS: cores=175, threads=1, width=10000, height=10000, time=1.077691
COLS: cores=176, threads=1, width=10000, height=10000, time=1.072587
COLS: cores=177, threads=1, width=10000, height=10000, time=1.064758
COLS: cores=178, threads=1, width=10000, height=10000, time=1.055001
COLS: cores=179, threads=1, width=10000, height=10000, time=1.065735
COLS: cores=180, threads=1, width=10000, height=10000, time=1.036485
COLS: cores=181, threads=1, width=10000, height=10000, time=1.047205
COLS: cores=182, threads=1, width=10000, height=10000, time=1.038372
COLS: cores=183, threads=1, width=10000, height=10000, time=1.048882
COLS: cores=184, threads=1, width=10000, height=10000, time=1.017741
COLS: cores=185, threads=1, width=10000, height=10000, time=1.028308
COLS: cores=186, threads=1, width=10000, height=10000, time=1.023022
COLS: cores=187, threads=1, width=10000, height=10000, time=1.006857
COLS: cores=188, threads=1, width=10000, height=10000, time=0.996179
COLS: cores=189, threads=1, width=10000, height=10000, time=1.011018
COLS: cores=190, threads=1, width=10000, height=10000, time=0.996321
COLS: cores=191, threads=1, width=10000, height=10000, time=0.992029
COLS: cores=192, threads=1, width=10000, height=10000, time=0.981734
COLS: cores=193, threads=1, width=10000, height=10000, time=1.000577
COLS: cores=194, threads=1, width=10000, height=10000, time=0.961489
COLS: cores=195, threads=1, width=10000, height=10000, time=0.980258
COLS: cores=196, threads=1, width=10000, height=10000, time=0.962893
COLS: cores=197, threads=1, width=10000, height=10000, time=0.979509
COLS: cores=198, threads=1, width=10000, height=10000, time=0.943968
COLS: cores=199, threads=1, width=10000, height=10000, time=0.958501
COLS: cores=200, threads=1, width=10000, height=10000, time=0.943846
COLS: cores=201, threads=1, width=10000, height=10000, time=0.956265
COLS: cores=202, threads=1, width=10000, height=10000, time=0.931829
COLS: cores=203, threads=1, width=10000, height=10000, time=0.961201
COLS: cores=204, threads=1, width=10000, height=10000, time=0.958389
COLS: cores=205, threads=1, width=10000, height=10000, time=0.969442
COLS: cores=206, threads=1, width=10000, height=10000, time=0.946438
COLS: cores=207, threads=1, width=10000, height=10000, time=0.965248
COLS: cores=208, threads=1, width=10000, height=10000, time=0.951227
COLS: cores=209, threads=1, width=10000, height=10000, time=0.961709
COLS: cores=210, threads=1, width=10000, height=10000, time=0.924872
COLS: cores=211, threads=1, width=10000, height=10000, time=0.949845
COLS: cores=212, threads=1, width=10000, height=10000, time=0.935230
COLS: cores=213, threads=1, width=10000, height=10000, time=0.955846
COLS: cores=214, threads=1, width=10000, height=10000, time=0.944940
COLS: cores=215, threads=1, width=10000, height=10000, time=0.928265
COLS: cores=216, threads=1, width=10000, height=10000, time=0.933872
COLS: cores=217, threads=1, width=10000, height=10000, time=0.920550
COLS: cores=218, threads=1, width=10000, height=10000, time=0.931203
COLS: cores=219, threads=1, width=10000, height=10000, time=0.915463
COLS: cores=220, threads=1, width=10000, height=10000, time=0.911872
COLS: cores=221, threads=1, width=10000, height=10000, time=0.895776
COLS: cores=222, threads=1, width=10000, height=10000, time=0.909833
COLS: cores=223, threads=1, width=10000, height=10000, time=0.894045
COLS: cores=224, threads=1, width=10000, height=10000, time=0.900076
COLS: cores=225, threads=1, width=10000, height=10000, time=0.882575
COLS: cores=226, threads=1, width=10000, height=10000, time=0.873677
COLS: cores=227, threads=1, width=10000, height=10000, time=0.887592
COLS: cores=228, threads=1, width=10000, height=10000, time=0.893157
COLS: cores=229, threads=1, width=10000, height=10000, time=0.871317
COLS: cores=230, threads=1, width=10000, height=10000, time=0.878074
COLS: cores=231, threads=1, width=10000, height=10000, time=0.882935
COLS: cores=232, threads=1, width=10000, height=10000, time=0.878876
COLS: cores=233, threads=1, width=10000, height=10000, time=0.879660
COLS: cores=234, threads=1, width=10000, height=10000, time=0.869246
COLS: cores=235, threads=1, width=10000, height=10000, time=0.864043
COLS: cores=236, threads=1, width=10000, height=10000, time=0.866878
COLS: cores=237, threads=1, width=10000, height=10000, time=0.865692
COLS: cores=238, threads=1, width=10000, height=10000, time=0.860007
COLS: cores=239, threads=1, width=10000, height=10000, time=0.869986
COLS: cores=240, threads=1, width=10000, height=10000, time=0.869393
COLS: cores=241, threads=1, width=10000, height=10000, time=0.849796
COLS: cores=242, threads=1, width=10000, height=10000, time=0.851531
COLS: cores=243, threads=1, width=10000, height=10000, time=0.855489
COLS: cores=244, threads=1, width=10000, height=10000, time=0.860866
COLS: cores=245, threads=1, width=10000, height=10000, time=0.859995
COLS: cores=246, threads=1, width=10000, height=10000, time=0.855627
COLS: cores=247, threads=1, width=10000, height=10000, time=0.847141
COLS: cores=248, threads=1, width=10000, height=10000, time=0.837025
COLS: cores=249, threads=1, width=10000, height=10000, time=0.841871
COLS: cores=250, threads=1, width=10000, height=10000, time=0.821691
COLS: cores=251, threads=1, width=10000, height=10000, time=0.840823
COLS: cores=252, threads=1, width=10000, height=10000, time=0.834523
COLS: cores=253, threads=1, width=10000, height=10000, time=0.815701
COLS: cores=254, threads=1, width=10000, height=10000, time=0.819137
COLS: cores=255, threads=1, width=10000, height=10000, time=0.828177
COLS: cores=256, threads=1, width=10000, height=10000, time=0.823278
