MPI-STRIPS-WEAK: cores=1, threads=1, width=1000, height=1000, time=0.558222
MPI-STRIPS-WEAK: cores=2, threads=1, width=1414, height=1414, time=0.557716
MPI-STRIPS-WEAK: cores=3, threads=1, width=1732, height=1732, time=1.003586
MPI-STRIPS-WEAK: cores=4, threads=1, width=2000, height=2000, time=0.907174
MPI-STRIPS-WEAK: cores=5, threads=1, width=2236, height=2236, time=1.101463
MPI-STRIPS-WEAK: cores=6, threads=1, width=2449, height=2449, time=1.006063
MPI-STRIPS-WEAK: cores=7, threads=1, width=2645, height=2645, time=1.124996
MPI-STRIPS-WEAK: cores=8, threads=1, width=2828, height=2828, time=1.080799
MPI-STRIPS-WEAK: cores=9, threads=1, width=3000, height=3000, time=1.131779
MPI-STRIPS-WEAK: cores=10, threads=1, width=3162, height=3162, time=1.101776
MPI-STRIPS-WEAK: cores=11, threads=1, width=3316, height=3316, time=1.139199
MPI-STRIPS-WEAK: cores=12, threads=1, width=3464, height=3464, time=1.118291
MPI-STRIPS-WEAK: cores=13, threads=1, width=3605, height=3605, time=1.153604
MPI-STRIPS-WEAK: cores=14, threads=1, width=3741, height=3741, time=1.122533
MPI-STRIPS-WEAK: cores=15, threads=1, width=3872, height=3872, time=1.154616
MPI-STRIPS-WEAK: cores=16, threads=1, width=4000, height=4000, time=1.130327
MPI-STRIPS-WEAK: cores=17, threads=1, width=4123, height=4123, time=1.162382
MPI-STRIPS-WEAK: cores=18, threads=1, width=4242, height=4242, time=1.142213
MPI-STRIPS-WEAK: cores=19, threads=1, width=4358, height=4358, time=1.162477
MPI-STRIPS-WEAK: cores=20, threads=1, width=4472, height=4472, time=1.144658
MPI-STRIPS-WEAK: cores=21, threads=1, width=4582, height=4582, time=1.165728
MPI-STRIPS-WEAK: cores=22, threads=1, width=4690, height=4690, time=1.144841
MPI-STRIPS-WEAK: cores=23, threads=1, width=4795, height=4795, time=1.163670
MPI-STRIPS-WEAK: cores=24, threads=1, width=4898, height=4898, time=1.148393
MPI-STRIPS-WEAK: cores=25, threads=1, width=5000, height=5000, time=1.171701
--------------------------------------------------------------------------
An ORTE daemon has unexpectedly failed after launch and before
communicating back to mpirun. This could be caused by a number
of factors, including an inability to create a connection back
to mpirun due to a lack of common network interfaces and/or no
route found between them. Please check network connectivity
(including firewalls and network routing requirements).
--------------------------------------------------------------------------
MPI-STRIPS-WEAK: cores=26, threads=1, width=5099, height=5099, time=
MPI-STRIPS-WEAK: cores=27, threads=1, width=5196, height=5196, time=1.173339
MPI-STRIPS-WEAK: cores=28, threads=1, width=5291, height=5291, time=1.157250
MPI-STRIPS-WEAK: cores=29, threads=1, width=5385, height=5385, time=1.174112
MPI-STRIPS-WEAK: cores=30, threads=1, width=5477, height=5477, time=1.165007
MPI-STRIPS-WEAK: cores=31, threads=1, width=5567, height=5567, time=1.175622
MPI-STRIPS-WEAK: cores=32, threads=1, width=5656, height=5656, time=1.168165
MPI-STRIPS-WEAK: cores=33, threads=1, width=5744, height=5744, time=1.175288
MPI-STRIPS-WEAK: cores=34, threads=1, width=5830, height=5830, time=1.166117
MPI-STRIPS-WEAK: cores=35, threads=1, width=5916, height=5916, time=1.176463
MPI-STRIPS-WEAK: cores=36, threads=1, width=6000, height=6000, time=1.173947
MPI-STRIPS-WEAK: cores=37, threads=1, width=6082, height=6082, time=1.174841
MPI-STRIPS-WEAK: cores=38, threads=1, width=6164, height=6164, time=1.170245
MPI-STRIPS-WEAK: cores=39, threads=1, width=6244, height=6244, time=1.178005
MPI-STRIPS-WEAK: cores=40, threads=1, width=6324, height=6324, time=1.171521
MPI-STRIPS-WEAK: cores=41, threads=1, width=6403, height=6403, time=1.178171
MPI-STRIPS-WEAK: cores=42, threads=1, width=6480, height=6480, time=1.173739
MPI-STRIPS-WEAK: cores=43, threads=1, width=6557, height=6557, time=1.176883
MPI-STRIPS-WEAK: cores=44, threads=1, width=6633, height=6633, time=1.178045
MPI-STRIPS-WEAK: cores=45, threads=1, width=6708, height=6708, time=1.183150
MPI-STRIPS-WEAK: cores=46, threads=1, width=6782, height=6782, time=1.177693
MPI-STRIPS-WEAK: cores=47, threads=1, width=6855, height=6855, time=1.183413
MPI-STRIPS-WEAK: cores=48, threads=1, width=6928, height=6928, time=1.177660
MPI-STRIPS-WEAK: cores=49, threads=1, width=7000, height=7000, time=1.188186
MPI-STRIPS-WEAK: cores=50, threads=1, width=7071, height=7071, time=1.176528
MPI-STRIPS-WEAK: cores=51, threads=1, width=7141, height=7141, time=1.186121
MPI-STRIPS-WEAK: cores=52, threads=1, width=7211, height=7211, time=1.183138
MPI-STRIPS-WEAK: cores=53, threads=1, width=7280, height=7280, time=1.186110
MPI-STRIPS-WEAK: cores=54, threads=1, width=7348, height=7348, time=1.181066
MPI-STRIPS-WEAK: cores=55, threads=1, width=7416, height=7416, time=1.191889
MPI-STRIPS-WEAK: cores=56, threads=1, width=7483, height=7483, time=1.184410
MPI-STRIPS-WEAK: cores=57, threads=1, width=7549, height=7549, time=1.185207
MPI-STRIPS-WEAK: cores=58, threads=1, width=7615, height=7615, time=1.179529
MPI-STRIPS-WEAK: cores=59, threads=1, width=7681, height=7681, time=1.190650
MPI-STRIPS-WEAK: cores=60, threads=1, width=7745, height=7745, time=1.181405
MPI-STRIPS-WEAK: cores=61, threads=1, width=7810, height=7810, time=1.194405
MPI-STRIPS-WEAK: cores=62, threads=1, width=7874, height=7874, time=1.186435
MPI-STRIPS-WEAK: cores=63, threads=1, width=7937, height=7937, time=1.194256
MPI-STRIPS-WEAK: cores=64, threads=1, width=8000, height=8000, time=1.195144
MPI-STRIPS-WEAK: cores=65, threads=1, width=8062, height=8062, time=1.198938
MPI-STRIPS-WEAK: cores=66, threads=1, width=8124, height=8124, time=1.189273
MPI-STRIPS-WEAK: cores=67, threads=1, width=8185, height=8185, time=1.195904
MPI-STRIPS-WEAK: cores=68, threads=1, width=8246, height=8246, time=1.191368
MPI-STRIPS-WEAK: cores=69, threads=1, width=8306, height=8306, time=1.198152
MPI-STRIPS-WEAK: cores=70, threads=1, width=8366, height=8366, time=1.200755
MPI-STRIPS-WEAK: cores=71, threads=1, width=8426, height=8426, time=1.206108
--------------------------------------------------------------------------
An ORTE daemon has unexpectedly failed after launch and before
communicating back to mpirun. This could be caused by a number
of factors, including an inability to create a connection back
to mpirun due to a lack of common network interfaces and/or no
route found between them. Please check network connectivity
(including firewalls and network routing requirements).
--------------------------------------------------------------------------
MPI-STRIPS-WEAK: cores=72, threads=1, width=8485, height=8485, time=
MPI-STRIPS-WEAK: cores=73, threads=1, width=8544, height=8544, time=1.206611
MPI-STRIPS-WEAK: cores=74, threads=1, width=8602, height=8602, time=1.195806
MPI-STRIPS-WEAK: cores=75, threads=1, width=8660, height=8660, time=1.200523
MPI-STRIPS-WEAK: cores=76, threads=1, width=8717, height=8717, time=1.200940
MPI-STRIPS-WEAK: cores=77, threads=1, width=8774, height=8774, time=1.207141
MPI-STRIPS-WEAK: cores=78, threads=1, width=8831, height=8831, time=1.193199
MPI-STRIPS-WEAK: cores=79, threads=1, width=8888, height=8888, time=1.211124
MPI-STRIPS-WEAK: cores=80, threads=1, width=8944, height=8944, time=1.201491
MPI-STRIPS-WEAK: cores=81, threads=1, width=9000, height=9000, time=1.206074
MPI-STRIPS-WEAK: cores=82, threads=1, width=9055, height=9055, time=1.198063
MPI-STRIPS-WEAK: cores=83, threads=1, width=9110, height=9110, time=1.211072
MPI-STRIPS-WEAK: cores=84, threads=1, width=9165, height=9165, time=1.196777
MPI-STRIPS-WEAK: cores=85, threads=1, width=9219, height=9219, time=1.201802
MPI-STRIPS-WEAK: cores=86, threads=1, width=9273, height=9273, time=1.200795
MPI-STRIPS-WEAK: cores=87, threads=1, width=9327, height=9327, time=1.205807
MPI-STRIPS-WEAK: cores=88, threads=1, width=9380, height=9380, time=1.212979
MPI-STRIPS-WEAK: cores=89, threads=1, width=9433, height=9433, time=1.211388
MPI-STRIPS-WEAK: cores=90, threads=1, width=9486, height=9486, time=1.205115
MPI-STRIPS-WEAK: cores=91, threads=1, width=9539, height=9539, time=1.213040
MPI-STRIPS-WEAK: cores=92, threads=1, width=9591, height=9591, time=1.203717
MPI-STRIPS-WEAK: cores=93, threads=1, width=9643, height=9643, time=1.214391
MPI-STRIPS-WEAK: cores=94, threads=1, width=9695, height=9695, time=1.203838
MPI-STRIPS-WEAK: cores=95, threads=1, width=9746, height=9746, time=1.220954
MPI-STRIPS-WEAK: cores=96, threads=1, width=9797, height=9797, time=1.205242
MPI-STRIPS-WEAK: cores=97, threads=1, width=9848, height=9848, time=1.221102
MPI-STRIPS-WEAK: cores=98, threads=1, width=9899, height=9899, time=1.211367
MPI-STRIPS-WEAK: cores=99, threads=1, width=9949, height=9949, time=1.206328
MPI-STRIPS-WEAK: cores=100, threads=1, width=10000, height=10000, time=1.209265
MPI-STRIPS-WEAK: cores=101, threads=1, width=10049, height=10049, time=1.208134
MPI-STRIPS-WEAK: cores=102, threads=1, width=10099, height=10099, time=1.206535
MPI-STRIPS-WEAK: cores=103, threads=1, width=10148, height=10148, time=1.223122
MPI-STRIPS-WEAK: cores=104, threads=1, width=10198, height=10198, time=1.210122
--------------------------------------------------------------------------
An ORTE daemon has unexpectedly failed after launch and before
communicating back to mpirun. This could be caused by a number
of factors, including an inability to create a connection back
to mpirun due to a lack of common network interfaces and/or no
route found between them. Please check network connectivity
(including firewalls and network routing requirements).
--------------------------------------------------------------------------
MPI-STRIPS-WEAK: cores=105, threads=1, width=10246, height=10246, time=
MPI-STRIPS-WEAK: cores=106, threads=1, width=10295, height=10295, time=1.209417
MPI-STRIPS-WEAK: cores=107, threads=1, width=10344, height=10344, time=1.224961
MPI-STRIPS-WEAK: cores=108, threads=1, width=10392, height=10392, time=1.215056
MPI-STRIPS-WEAK: cores=109, threads=1, width=10440, height=10440, time=1.226071
MPI-STRIPS-WEAK: cores=110, threads=1, width=10488, height=10488, time=1.216478
MPI-STRIPS-WEAK: cores=111, threads=1, width=10535, height=10535, time=1.228529
MPI-STRIPS-WEAK: cores=112, threads=1, width=10583, height=10583, time=1.215513
MPI-STRIPS-WEAK: cores=113, threads=1, width=10630, height=10630, time=1.227303
MPI-STRIPS-WEAK: cores=114, threads=1, width=10677, height=10677, time=1.223690
MPI-STRIPS-WEAK: cores=115, threads=1, width=10723, height=10723, time=1.221001
MPI-STRIPS-WEAK: cores=116, threads=1, width=10770, height=10770, time=1.222096
MPI-STRIPS-WEAK: cores=117, threads=1, width=10816, height=10816, time=1.218066
MPI-STRIPS-WEAK: cores=118, threads=1, width=10862, height=10862, time=1.216929
MPI-STRIPS-WEAK: cores=119, threads=1, width=10908, height=10908, time=1.229287
MPI-STRIPS-WEAK: cores=120, threads=1, width=10954, height=10954, time=1.222656
MPI-STRIPS-WEAK: cores=121, threads=1, width=11000, height=11000, time=1.230562
MPI-STRIPS-WEAK: cores=122, threads=1, width=11045, height=11045, time=1.231802
MPI-STRIPS-WEAK: cores=123, threads=1, width=11090, height=11090, time=1.233554
MPI-STRIPS-WEAK: cores=124, threads=1, width=11135, height=11135, time=1.241528
MPI-STRIPS-WEAK: cores=125, threads=1, width=11180, height=11180, time=1.240823
MPI-STRIPS-WEAK: cores=126, threads=1, width=11224, height=11224, time=1.253457
MPI-STRIPS-WEAK: cores=127, threads=1, width=11269, height=11269, time=1.265602
MPI-STRIPS-WEAK: cores=128, threads=1, width=11313, height=11313, time=1.271128
MPI-STRIPS-WEAK: cores=129, threads=1, width=11357, height=11357, time=1.307786
MPI-STRIPS-WEAK: cores=130, threads=1, width=11401, height=11401, time=1.300346
MPI-STRIPS-WEAK: cores=131, threads=1, width=11445, height=11445, time=1.287521
MPI-STRIPS-WEAK: cores=132, threads=1, width=11489, height=11489, time=1.288318
MPI-STRIPS-WEAK: cores=133, threads=1, width=11532, height=11532, time=1.299937
MPI-STRIPS-WEAK: cores=134, threads=1, width=11575, height=11575, time=1.337651
MPI-STRIPS-WEAK: cores=135, threads=1, width=11618, height=11618, time=1.293552
MPI-STRIPS-WEAK: cores=136, threads=1, width=11661, height=11661, time=1.291813
MPI-STRIPS-WEAK: cores=137, threads=1, width=11704, height=11704, time=1.284050
MPI-STRIPS-WEAK: cores=138, threads=1, width=11747, height=11747, time=1.291693
MPI-STRIPS-WEAK: cores=139, threads=1, width=11789, height=11789, time=1.309185
MPI-STRIPS-WEAK: cores=140, threads=1, width=11832, height=11832, time=1.296891
MPI-STRIPS-WEAK: cores=141, threads=1, width=11874, height=11874, time=1.442241
MPI-STRIPS-WEAK: cores=142, threads=1, width=11916, height=11916, time=1.281288
MPI-STRIPS-WEAK: cores=143, threads=1, width=11958, height=11958, time=1.292372
MPI-STRIPS-WEAK: cores=144, threads=1, width=12000, height=12000, time=1.278617
MPI-STRIPS-WEAK: cores=145, threads=1, width=12041, height=12041, time=1.285523
MPI-STRIPS-WEAK: cores=146, threads=1, width=12083, height=12083, time=1.346398
MPI-STRIPS-WEAK: cores=147, threads=1, width=12124, height=12124, time=1.270583
MPI-STRIPS-WEAK: cores=148, threads=1, width=12165, height=12165, time=1.517776
MPI-STRIPS-WEAK: cores=149, threads=1, width=12206, height=12206, time=1.281678
MPI-STRIPS-WEAK: cores=150, threads=1, width=12247, height=12247, time=1.288364
MPI-STRIPS-WEAK: cores=151, threads=1, width=12288, height=12288, time=1.268876
MPI-STRIPS-WEAK: cores=152, threads=1, width=12328, height=12328, time=1.268770
MPI-STRIPS-WEAK: cores=153, threads=1, width=12369, height=12369, time=1.292484
MPI-STRIPS-WEAK: cores=154, threads=1, width=12409, height=12409, time=1.436227
MPI-STRIPS-WEAK: cores=155, threads=1, width=12449, height=12449, time=1.516358
MPI-STRIPS-WEAK: cores=156, threads=1, width=12489, height=12489, time=1.667462
MPI-STRIPS-WEAK: cores=157, threads=1, width=12529, height=12529, time=1.282778
MPI-STRIPS-WEAK: cores=158, threads=1, width=12569, height=12569, time=1.290250
MPI-STRIPS-WEAK: cores=159, threads=1, width=12609, height=12609, time=1.270757
MPI-STRIPS-WEAK: cores=160, threads=1, width=12649, height=12649, time=1.275498
MPI-STRIPS-WEAK: cores=161, threads=1, width=12688, height=12688, time=1.277570
MPI-STRIPS-WEAK: cores=162, threads=1, width=12727, height=12727, time=1.489081
MPI-STRIPS-WEAK: cores=163, threads=1, width=12767, height=12767, time=1.576210
MPI-STRIPS-WEAK: cores=164, threads=1, width=12806, height=12806, time=1.261169
MPI-STRIPS-WEAK: cores=165, threads=1, width=12845, height=12845, time=1.270317
MPI-STRIPS-WEAK: cores=166, threads=1, width=12884, height=12884, time=1.273189
MPI-STRIPS-WEAK: cores=167, threads=1, width=12922, height=12922, time=1.260483
MPI-STRIPS-WEAK: cores=168, threads=1, width=12961, height=12961, time=1.276733
MPI-STRIPS-WEAK: cores=169, threads=1, width=13000, height=13000, time=1.265743
MPI-STRIPS-WEAK: cores=170, threads=1, width=13038, height=13038, time=1.399832
MPI-STRIPS-WEAK: cores=171, threads=1, width=13076, height=13076, time=1.250515
MPI-STRIPS-WEAK: cores=172, threads=1, width=13114, height=13114, time=1.744655
MPI-STRIPS-WEAK: cores=173, threads=1, width=13152, height=13152, time=1.261658
MPI-STRIPS-WEAK: cores=174, threads=1, width=13190, height=13190, time=1.265868
MPI-STRIPS-WEAK: cores=175, threads=1, width=13228, height=13228, time=1.260339
MPI-STRIPS-WEAK: cores=176, threads=1, width=13266, height=13266, time=1.256668
MPI-STRIPS-WEAK: cores=177, threads=1, width=13304, height=13304, time=1.262378
MPI-STRIPS-WEAK: cores=178, threads=1, width=13341, height=13341, time=1.269090
MPI-STRIPS-WEAK: cores=179, threads=1, width=13379, height=13379, time=1.324139
MPI-STRIPS-WEAK: cores=180, threads=1, width=13416, height=13416, time=1.267179
MPI-STRIPS-WEAK: cores=181, threads=1, width=13453, height=13453, time=1.842368
MPI-STRIPS-WEAK: cores=182, threads=1, width=13490, height=13490, time=1.253686
MPI-STRIPS-WEAK: cores=183, threads=1, width=13527, height=13527, time=1.271456
MPI-STRIPS-WEAK: cores=184, threads=1, width=13564, height=13564, time=1.262736
MPI-STRIPS-WEAK: cores=185, threads=1, width=13601, height=13601, time=1.275876
MPI-STRIPS-WEAK: cores=186, threads=1, width=13638, height=13638, time=1.260550
MPI-STRIPS-WEAK: cores=187, threads=1, width=13674, height=13674, time=1.260594
MPI-STRIPS-WEAK: cores=188, threads=1, width=13711, height=13711, time=1.283782
MPI-STRIPS-WEAK: cores=189, threads=1, width=13747, height=13747, time=1.362084
MPI-STRIPS-WEAK: cores=190, threads=1, width=13784, height=13784, time=1.276516
MPI-STRIPS-WEAK: cores=191, threads=1, width=13820, height=13820, time=1.236534
MPI-STRIPS-WEAK: cores=192, threads=1, width=13856, height=13856, time=1.257114
MPI-STRIPS-WEAK: cores=193, threads=1, width=13892, height=13892, time=1.249470
MPI-STRIPS-WEAK: cores=194, threads=1, width=13928, height=13928, time=1.265594
MPI-STRIPS-WEAK: cores=195, threads=1, width=13964, height=13964, time=1.261980
MPI-STRIPS-WEAK: cores=196, threads=1, width=14000, height=14000, time=1.264352
MPI-STRIPS-WEAK: cores=197, threads=1, width=14035, height=14035, time=1.276510
MPI-STRIPS-WEAK: cores=198, threads=1, width=14071, height=14071, time=1.287220
MPI-STRIPS-WEAK: cores=199, threads=1, width=14106, height=14106, time=1.267878
MPI-STRIPS-WEAK: cores=200, threads=1, width=14142, height=14142, time=1.416664
MPI-STRIPS-WEAK: cores=201, threads=1, width=14177, height=14177, time=1.722703
MPI-STRIPS-WEAK: cores=202, threads=1, width=14212, height=14212, time=1.257523
MPI-STRIPS-WEAK: cores=203, threads=1, width=14247, height=14247, time=2.360345
MPI-STRIPS-WEAK: cores=204, threads=1, width=14282, height=14282, time=1.262136
MPI-STRIPS-WEAK: cores=205, threads=1, width=14317, height=14317, time=1.276336
MPI-STRIPS-WEAK: cores=206, threads=1, width=14352, height=14352, time=1.272672
MPI-STRIPS-WEAK: cores=207, threads=1, width=14387, height=14387, time=1.299848
MPI-STRIPS-WEAK: cores=208, threads=1, width=14422, height=14422, time=1.268740
MPI-STRIPS-WEAK: cores=209, threads=1, width=14456, height=14456, time=1.259741
MPI-STRIPS-WEAK: cores=210, threads=1, width=14491, height=14491, time=1.287261
MPI-STRIPS-WEAK: cores=211, threads=1, width=14525, height=14525, time=1.316013
MPI-STRIPS-WEAK: cores=212, threads=1, width=14560, height=14560, time=1.274365
MPI-STRIPS-WEAK: cores=213, threads=1, width=14594, height=14594, time=1.764323
MPI-STRIPS-WEAK: cores=214, threads=1, width=14628, height=14628, time=1.263711
MPI-STRIPS-WEAK: cores=215, threads=1, width=14662, height=14662, time=2.521765
MPI-STRIPS-WEAK: cores=216, threads=1, width=14696, height=14696, time=1.266329
MPI-STRIPS-WEAK: cores=217, threads=1, width=14730, height=14730, time=1.272215
MPI-STRIPS-WEAK: cores=218, threads=1, width=14764, height=14764, time=1.276217
MPI-STRIPS-WEAK: cores=219, threads=1, width=14798, height=14798, time=1.290937
MPI-STRIPS-WEAK: cores=220, threads=1, width=14832, height=14832, time=1.263815
MPI-STRIPS-WEAK: cores=221, threads=1, width=14866, height=14866, time=1.275309
MPI-STRIPS-WEAK: cores=222, threads=1, width=14899, height=14899, time=1.303037
MPI-STRIPS-WEAK: cores=223, threads=1, width=14933, height=14933, time=1.310918
MPI-STRIPS-WEAK: cores=224, threads=1, width=14966, height=14966, time=1.286890
MPI-STRIPS-WEAK: cores=225, threads=1, width=15000, height=15000, time=1.272717
MPI-STRIPS-WEAK: cores=226, threads=1, width=15033, height=15033, time=1.749092
MPI-STRIPS-WEAK: cores=227, threads=1, width=15066, height=15066, time=1.270737
MPI-STRIPS-WEAK: cores=228, threads=1, width=15099, height=15099, time=2.516702
MPI-STRIPS-WEAK: cores=229, threads=1, width=15132, height=15132, time=1.271469
MPI-STRIPS-WEAK: cores=230, threads=1, width=15165, height=15165, time=1.282495
MPI-STRIPS-WEAK: cores=231, threads=1, width=15198, height=15198, time=1.279557
MPI-STRIPS-WEAK: cores=232, threads=1, width=15231, height=15231, time=1.306096
MPI-STRIPS-WEAK: cores=233, threads=1, width=15264, height=15264, time=1.288202
MPI-STRIPS-WEAK: cores=234, threads=1, width=15297, height=15297, time=1.299208
MPI-STRIPS-WEAK: cores=235, threads=1, width=15329, height=15329, time=1.308116
MPI-STRIPS-WEAK: cores=236, threads=1, width=15362, height=15362, time=1.288259
MPI-STRIPS-WEAK: cores=237, threads=1, width=15394, height=15394, time=1.297799
MPI-STRIPS-WEAK: cores=238, threads=1, width=15427, height=15427, time=1.361674
MPI-STRIPS-WEAK: cores=239, threads=1, width=15459, height=15459, time=1.478716
MPI-STRIPS-WEAK: cores=240, threads=1, width=15491, height=15491, time=1.697320
MPI-STRIPS-WEAK: cores=241, threads=1, width=15524, height=15524, time=1.272643
MPI-STRIPS-WEAK: cores=242, threads=1, width=15556, height=15556, time=1.276922
MPI-STRIPS-WEAK: cores=243, threads=1, width=15588, height=15588, time=1.283363
MPI-STRIPS-WEAK: cores=244, threads=1, width=15620, height=15620, time=1.281040
MPI-STRIPS-WEAK: cores=245, threads=1, width=15652, height=15652, time=1.298600
MPI-STRIPS-WEAK: cores=246, threads=1, width=15684, height=15684, time=1.305088
MPI-STRIPS-WEAK: cores=247, threads=1, width=15716, height=15716, time=1.317526
MPI-STRIPS-WEAK: cores=248, threads=1, width=15748, height=15748, time=1.292105
MPI-STRIPS-WEAK: cores=249, threads=1, width=15779, height=15779, time=1.346743
MPI-STRIPS-WEAK: cores=250, threads=1, width=15811, height=15811, time=1.345417
MPI-STRIPS-WEAK: cores=251, threads=1, width=15842, height=15842, time=1.332056
MPI-STRIPS-WEAK: cores=252, threads=1, width=15874, height=15874, time=1.327923
MPI-STRIPS-WEAK: cores=253, threads=1, width=15905, height=15905, time=1.386281
MPI-STRIPS-WEAK: cores=254, threads=1, width=15937, height=15937, time=1.494940
MPI-STRIPS-WEAK: cores=255, threads=1, width=15968, height=15968, time=1.323692
MPI-STRIPS-WEAK: cores=256, threads=1, width=16000, height=16000, time=1.325347
